【发现已存在的游戏窗口】
【现在处于主菜单】
【目标出现】images/battery.png 置信度是：0.9999998211860657
Using CPU. Note: This module is much faster with a GPU.
当前电量为：72 
任务开始，执行 0 次循环
-------------------------------------------------
Traceback (most recent call last):
  File "C:\Users\gelon\Desktop\Pytutorial\ZenlessZoneZero_Automation\ZA_Main.py", line 740, in run
    toaster.show_toast("电量", f"{battery}")
    ~~~~~~~~~~~~~~~~~~^^^^^^^^^^^^^^^^^^^^^^
  File "C:\Python\Lib\site-packages\win10toast\__init__.py", line 127, in show_toast
    self._show_toast(title, msg, icon_path, duration)
    ~~~~~~~~~~~~~~~~^^^^^^^^^^^^^^^^^^^^^^^^^^^^^^^^^
  File "C:\Python\Lib\site-packages\win10toast\__init__.py", line 112, in _show_toast
    sleep(duration)
    ~~~~~^^^^^^^^^^
KeyboardInterrupt

Exception:主线程出错
按回车键退出(Enter)Traceback (most recent call last):
  File "C:\Users\gelon\Desktop\Pytutorial\ZenlessZoneZero_Automation\ZA_Main.py", line 740, in run
    toaster.show_toast("电量", f"{battery}")
    ~~~~~~~~~~~~~~~~~~^^^^^^^^^^^^^^^^^^^^^^
  File "C:\Python\Lib\site-packages\win10toast\__init__.py", line 127, in show_toast
    self._show_toast(title, msg, icon_path, duration)
    ~~~~~~~~~~~~~~~~^^^^^^^^^^^^^^^^^^^^^^^^^^^^^^^^^
  File "C:\Python\Lib\site-packages\win10toast\__init__.py", line 112, in _show_toast
    sleep(duration)
    ~~~~~^^^^^^^^^^
KeyboardInterrupt

During handling of the above exception, another exception occurred:

Traceback (most recent call last):
  File "C:\Users\gelon\Desktop\Pytutorial\ZenlessZoneZero_Automation\ZA_Main.py", line 768, in <module>
    run()
    ~~~^^
  File "C:\Users\gelon\Desktop\Pytutorial\ZenlessZoneZero_Automation\ZA_Main.py", line 765, in run
    input('Exception:主线程出错\n按回车键退出(Enter)')
    ~~~~~^^^^^^^^^^^^^^^^^^^^^^^^^^^^^^^^^^^^^^^^^^^^^
  File "<frozen codecs>", line 325, in decode
UnicodeDecodeError: 'utf-8' codec can't decode byte 0xff in position 0: invalid start byte
