【发现已存在的游戏窗口】
【现在处于主菜单】
【目标出现】images/battery.png 置信度是：1.0
Using CPU. Note: This module is much faster with a GPU.
-------------------------------------------------
Traceback (most recent call last):
  File "C:\Users\gelon\Desktop\Pytutorial\ZenlessZoneZero_Automation\ZA_Main.py", line 755, in run
    battery_remaining=battery_check()
  File "C:\Users\gelon\Desktop\Pytutorial\ZenlessZoneZero_Automation\ZA_Main.py", line 248, in battery_check
    reader=easyocr.Reader(['en'],gpu=False,model_storage_directory='models')       #载入easyocr模型
  File "C:\Python\Lib\site-packages\easyocr\easyocr.py", line 231, in __init__
    self.recognizer, self.converter = get_recognizer(recog_network, network_params,\
                                      ~~~~~~~~~~~~~~^^^^^^^^^^^^^^^^^^^^^^^^^^^^^^^^
                                                 self.character, separator_list,\
                                                 ^^^^^^^^^^^^^^^^^^^^^^^^^^^^^^^^
                                                 dict_list, model_path, device = self.device, quantize=quantize)
                                                 ^^^^^^^^^^^^^^^^^^^^^^^^^^^^^^^^^^^^^^^^^^^^^^^^^^^^^^^^^^^^^^^
  File "C:\Python\Lib\site-packages\easyocr\recognition.py", line 166, in get_recognizer
    model = model_pkg.Model(num_class=num_class, **network_params)
  File "C:\Python\Lib\site-packages\easyocr\model\vgg_model.py", line 9, in __init__
    self.FeatureExtraction = VGG_FeatureExtractor(input_channel, output_channel)
                             ~~~~~~~~~~~~~~~~~~~~^^^^^^^^^^^^^^^^^^^^^^^^^^^^^^^
  File "C:\Python\Lib\site-packages\easyocr\model\modules.py", line 118, in __init__
    nn.Conv2d(self.output_channel[3], self.output_channel[3], 3, 1, 1, bias=False),
    ~~~~~~~~~^^^^^^^^^^^^^^^^^^^^^^^^^^^^^^^^^^^^^^^^^^^^^^^^^^^^^^^^^^^^^^^^^^^^^
  File "C:\Python\Lib\site-packages\torch\nn\modules\conv.py", line 521, in __init__
    super().__init__(
    ~~~~~~~~~~~~~~~~^
        in_channels,
        ^^^^^^^^^^^^
    ...<10 lines>...
        **factory_kwargs,
        ^^^^^^^^^^^^^^^^^
    )
    ^
  File "C:\Python\Lib\site-packages\torch\nn\modules\conv.py", line 176, in __init__
    self.reset_parameters()
    ~~~~~~~~~~~~~~~~~~~~~^^
  File "C:\Python\Lib\site-packages\torch\nn\modules\conv.py", line 182, in reset_parameters
    init.kaiming_uniform_(self.weight, a=math.sqrt(5))
    ~~~~~~~~~~~~~~~~~~~~~^^^^^^^^^^^^^^^^^^^^^^^^^^^^^
  File "C:\Python\Lib\site-packages\torch\nn\init.py", line 518, in kaiming_uniform_
    return tensor.uniform_(-bound, bound, generator=generator)
           ~~~~~~~~~~~~~~~^^^^^^^^^^^^^^^^^^^^^^^^^^^^^^^^^^^^
KeyboardInterrupt

Exception:主线程出错
按回车键退出(Enter)Traceback (most recent call last):
  File "C:\Users\gelon\Desktop\Pytutorial\ZenlessZoneZero_Automation\ZA_Main.py", line 755, in run
    battery_remaining=battery_check()
  File "C:\Users\gelon\Desktop\Pytutorial\ZenlessZoneZero_Automation\ZA_Main.py", line 248, in battery_check
    reader=easyocr.Reader(['en'],gpu=False,model_storage_directory='models')       #载入easyocr模型
  File "C:\Python\Lib\site-packages\easyocr\easyocr.py", line 231, in __init__
    self.recognizer, self.converter = get_recognizer(recog_network, network_params,\
                                      ~~~~~~~~~~~~~~^^^^^^^^^^^^^^^^^^^^^^^^^^^^^^^^
                                                 self.character, separator_list,\
                                                 ^^^^^^^^^^^^^^^^^^^^^^^^^^^^^^^^
                                                 dict_list, model_path, device = self.device, quantize=quantize)
                                                 ^^^^^^^^^^^^^^^^^^^^^^^^^^^^^^^^^^^^^^^^^^^^^^^^^^^^^^^^^^^^^^^
  File "C:\Python\Lib\site-packages\easyocr\recognition.py", line 166, in get_recognizer
    model = model_pkg.Model(num_class=num_class, **network_params)
  File "C:\Python\Lib\site-packages\easyocr\model\vgg_model.py", line 9, in __init__
    self.FeatureExtraction = VGG_FeatureExtractor(input_channel, output_channel)
                             ~~~~~~~~~~~~~~~~~~~~^^^^^^^^^^^^^^^^^^^^^^^^^^^^^^^
  File "C:\Python\Lib\site-packages\easyocr\model\modules.py", line 118, in __init__
    nn.Conv2d(self.output_channel[3], self.output_channel[3], 3, 1, 1, bias=False),
    ~~~~~~~~~^^^^^^^^^^^^^^^^^^^^^^^^^^^^^^^^^^^^^^^^^^^^^^^^^^^^^^^^^^^^^^^^^^^^^
  File "C:\Python\Lib\site-packages\torch\nn\modules\conv.py", line 521, in __init__
    super().__init__(
    ~~~~~~~~~~~~~~~~^
        in_channels,
        ^^^^^^^^^^^^
    ...<10 lines>...
        **factory_kwargs,
        ^^^^^^^^^^^^^^^^^
    )
    ^
  File "C:\Python\Lib\site-packages\torch\nn\modules\conv.py", line 176, in __init__
    self.reset_parameters()
    ~~~~~~~~~~~~~~~~~~~~~^^
  File "C:\Python\Lib\site-packages\torch\nn\modules\conv.py", line 182, in reset_parameters
    init.kaiming_uniform_(self.weight, a=math.sqrt(5))
    ~~~~~~~~~~~~~~~~~~~~~^^^^^^^^^^^^^^^^^^^^^^^^^^^^^
  File "C:\Python\Lib\site-packages\torch\nn\init.py", line 518, in kaiming_uniform_
    return tensor.uniform_(-bound, bound, generator=generator)
           ~~~~~~~~~~~~~~~^^^^^^^^^^^^^^^^^^^^^^^^^^^^^^^^^^^^
KeyboardInterrupt

During handling of the above exception, another exception occurred:

Traceback (most recent call last):
  File "C:\Users\gelon\Desktop\Pytutorial\ZenlessZoneZero_Automation\ZA_Main.py", line 769, in <module>
    run()
    ~~~^^
  File "C:\Users\gelon\Desktop\Pytutorial\ZenlessZoneZero_Automation\ZA_Main.py", line 766, in run
    input('Exception:主线程出错\n按回车键退出(Enter)')
    ~~~~~^^^^^^^^^^^^^^^^^^^^^^^^^^^^^^^^^^^^^^^^^^^^^
  File "<frozen codecs>", line 325, in decode
UnicodeDecodeError: 'utf-8' codec can't decode byte 0xff in position 0: invalid start byte
