【发现已存在的游戏窗口】
【正在返回菜单】请保持游戏画面处于前台
【正在返回菜单】请保持游戏画面处于前台
【现在处于主菜单】
【目标出现】images/battery.png (confidence:0.9999998211860657)
Using CPU. Note: This module is much faster with a GPU.
当前电量为：196 
任务开始，执行 1 次循环
【现在处于主菜单】
【目标出现】images/lobby.png (confidence:0.9999196529388428)
【目标出现】images/tactics.png (confidence:0.9766026139259338)
【等待目标中】 images/train.png [1]
【等待目标中】 images/train.png [2]
【等待目标中】 images/train.png [3]
【等待目标中】 images/train.png [4]
【等待目标中】 images/train.png [5]
【等待目标中】 images/train.png [6]
【等待目标中】 images/train.png [7]
【等待目标中】 images/train.png [8]
【等待目标中】 images/train.png [9]
【等待目标中】 images/train.png [10]
【等待目标中】 images/train.png [11]
【等待目标中】 images/train.png [12]
【等待目标中】 images/train.png [13]
【等待目标中】 images/train.png [14]
【等待目标中】 images/train.png [15]
【等待目标中】 images/train.png [16]
【等待目标中】 images/train.png [17]
【等待目标中】 images/train.png [18]
【等待目标中】 images/train.png [19]
【等待目标中】 images/train.png [20]
--------等待超时,开始重试--------
【正在返回菜单】请保持游戏画面处于前台
【正在返回菜单】请保持游戏画面处于前台
【正在返回菜单】请保持游戏画面处于前台
【正在返回菜单】请保持游戏画面处于前台
【正在返回菜单】请保持游戏画面处于前台
【正在返回菜单】请保持游戏画面处于前台
【正在返回菜单】请保持游戏画面处于前台
-------------------------------------------------
Traceback (most recent call last):
  File "C:\Users\gelon\Desktop\Pytutorial\ZenlessZoneZero_Automation\ZA_Main.py", line 737, in run
    battery=battery_check()    #获取体力信息
  File "C:\Users\gelon\Desktop\Pytutorial\ZenlessZoneZero_Automation\ZA_Main.py", line 244, in battery_check
    menu('stay')
    ~~~~^^^^^^^^
  File "C:\Users\gelon\Desktop\Pytutorial\ZenlessZoneZero_Automation\ZA_Main.py", line 161, in menu
    screenshot_gray = cv2.cvtColor(screenshot_numpy(), cv2.COLOR_RGB2GRAY)  # 屏幕截图RGB转灰度图
                                   ~~~~~~~~~~~~~~~~^^
  File "C:\Users\gelon\Desktop\Pytutorial\ZenlessZoneZero_Automation\ZA_Main.py", line 277, in screenshot_numpy
    screenshot = pyautogui.screenshot()  # 屏幕截图
  File "C:\Python\Lib\site-packages\pyscreeze\__init__.py", line 538, in _screenshot_win32
    im = ImageGrab.grab(all_screens=allScreens)
  File "C:\Python\Lib\site-packages\PIL\ImageGrab.py", line 54, in grab
    offset, size, data = Image.core.grabscreen_win32(
                         ~~~~~~~~~~~~~~~~~~~~~~~~~~~^
        include_layered_windows, all_screens
        ^^^^^^^^^^^^^^^^^^^^^^^^^^^^^^^^^^^^
    )
    ^
KeyboardInterrupt

Exception:主线程出错
按回车键退出(Enter)Traceback (most recent call last):
  File "C:\Users\gelon\Desktop\Pytutorial\ZenlessZoneZero_Automation\ZA_Main.py", line 737, in run
    battery=battery_check()    #获取体力信息
  File "C:\Users\gelon\Desktop\Pytutorial\ZenlessZoneZero_Automation\ZA_Main.py", line 244, in battery_check
    menu('stay')
    ~~~~^^^^^^^^
  File "C:\Users\gelon\Desktop\Pytutorial\ZenlessZoneZero_Automation\ZA_Main.py", line 161, in menu
    screenshot_gray = cv2.cvtColor(screenshot_numpy(), cv2.COLOR_RGB2GRAY)  # 屏幕截图RGB转灰度图
                                   ~~~~~~~~~~~~~~~~^^
  File "C:\Users\gelon\Desktop\Pytutorial\ZenlessZoneZero_Automation\ZA_Main.py", line 277, in screenshot_numpy
    screenshot = pyautogui.screenshot()  # 屏幕截图
  File "C:\Python\Lib\site-packages\pyscreeze\__init__.py", line 538, in _screenshot_win32
    im = ImageGrab.grab(all_screens=allScreens)
  File "C:\Python\Lib\site-packages\PIL\ImageGrab.py", line 54, in grab
    offset, size, data = Image.core.grabscreen_win32(
                         ~~~~~~~~~~~~~~~~~~~~~~~~~~~^
        include_layered_windows, all_screens
        ^^^^^^^^^^^^^^^^^^^^^^^^^^^^^^^^^^^^
    )
    ^
KeyboardInterrupt

During handling of the above exception, another exception occurred:

Traceback (most recent call last):
  File "C:\Users\gelon\Desktop\Pytutorial\ZenlessZoneZero_Automation\ZA_Main.py", line 767, in <module>
    run()
    ~~~^^
  File "C:\Users\gelon\Desktop\Pytutorial\ZenlessZoneZero_Automation\ZA_Main.py", line 764, in run
    input('Exception:主线程出错\n按回车键退出(Enter)')
    ~~~~~^^^^^^^^^^^^^^^^^^^^^^^^^^^^^^^^^^^^^^^^^^^^^
  File "<frozen codecs>", line 325, in decode
UnicodeDecodeError: 'utf-8' codec can't decode byte 0xff in position 0: invalid start byte
