【发现已存在的游戏窗口】
正在返回菜单,请保持游戏画面处于前台
正在返回菜单,请保持游戏画面处于前台
正在返回菜单,请保持游戏画面处于前台
正在返回菜单,请保持游戏画面处于前台
正在返回菜单,请保持游戏画面处于前台
正在返回菜单,请保持游戏画面处于前台
【现在处于主菜单】
Using CPU. Note: This module is much faster with a GPU.
当前电量为：320 
任务开始，执行 5 次循环
【现在处于主菜单】
【目标出现】images/lobby.png 置信度是：0.9999196529388428
【目标出现】images/tactics.png 置信度是：0.9765910506248474
【目标出现】images/train.png 置信度是：0.976133406162262
【目标出现】images/sidebar_disc.png 置信度是：0.9976677298545837
【目标出现】images/go.png 置信度是：0.9999022483825684
【目标出现】images/confirm.png 置信度是：0.9839572310447693
-------------------------------------------------
Traceback (most recent call last):
  File "C:\Users\gelon\Desktop\Pytutorial\ZenlessZoneZero_Automation\ZA_Main.py", line 696, in run
    TASK()
    ~~~~^^
  File "C:\Users\gelon\Desktop\Pytutorial\ZenlessZoneZero_Automation\ZA_Main.py", line 644, in <lambda>
    TASK=lambda :disc(task_list[task_index])
                 ~~~~^^^^^^^^^^^^^^^^^^^^^^^
  File "C:\Users\gelon\Desktop\Pytutorial\ZenlessZoneZero_Automation\ZA_Main.py", line 425, in disc
    scroll_move(task_name)
    ~~~~~~~~~~~^^^^^^^^^^^
  File "C:\Users\gelon\Desktop\Pytutorial\ZenlessZoneZero_Automation\ZA_Main.py", line 80, in scroll_move
    match_tpl(tpl,'scroll_move',skip=skip)
    ~~~~~~~~~^^^^^^^^^^^^^^^^^^^^^^^^^^^^^
  File "C:\Users\gelon\Desktop\Pytutorial\ZenlessZoneZero_Automation\ZA_Main.py", line 29, in match_tpl
    template = cv2.imread(tpl)  # 读取模板
  File "C:\Python\Lib\site-packages\ultralytics\utils\patches.py", line 26, in imread
    return cv2.imdecode(np.fromfile(filename, np.uint8), flags)
                        ~~~~~~~~~~~^^^^^^^^^^^^^^^^^^^^
FileNotFoundError: [Errno 2] No such file or directory: 'images/disc_10.pngimages/disc_9.png'

Exception:主线程出错
按回车键退出(Enter)Traceback (most recent call last):
  File "C:\Users\gelon\Desktop\Pytutorial\ZenlessZoneZero_Automation\ZA_Main.py", line 696, in run
    TASK()
    ~~~~^^
  File "C:\Users\gelon\Desktop\Pytutorial\ZenlessZoneZero_Automation\ZA_Main.py", line 644, in <lambda>
    TASK=lambda :disc(task_list[task_index])
                 ~~~~^^^^^^^^^^^^^^^^^^^^^^^
  File "C:\Users\gelon\Desktop\Pytutorial\ZenlessZoneZero_Automation\ZA_Main.py", line 425, in disc
    scroll_move(task_name)
    ~~~~~~~~~~~^^^^^^^^^^^
  File "C:\Users\gelon\Desktop\Pytutorial\ZenlessZoneZero_Automation\ZA_Main.py", line 80, in scroll_move
    match_tpl(tpl,'scroll_move',skip=skip)
    ~~~~~~~~~^^^^^^^^^^^^^^^^^^^^^^^^^^^^^
  File "C:\Users\gelon\Desktop\Pytutorial\ZenlessZoneZero_Automation\ZA_Main.py", line 29, in match_tpl
    template = cv2.imread(tpl)  # 读取模板
  File "C:\Python\Lib\site-packages\ultralytics\utils\patches.py", line 26, in imread
    return cv2.imdecode(np.fromfile(filename, np.uint8), flags)
                        ~~~~~~~~~~~^^^^^^^^^^^^^^^^^^^^
FileNotFoundError: [Errno 2] No such file or directory: 'images/disc_10.pngimages/disc_9.png'

During handling of the above exception, another exception occurred:

Traceback (most recent call last):
  File "C:\Users\gelon\Desktop\Pytutorial\ZenlessZoneZero_Automation\ZA_Main.py", line 717, in <module>
    run()
    ~~~^^
  File "C:\Users\gelon\Desktop\Pytutorial\ZenlessZoneZero_Automation\ZA_Main.py", line 714, in run
    input('Exception:主线程出错\n按回车键退出(Enter)')
    ~~~~~^^^^^^^^^^^^^^^^^^^^^^^^^^^^^^^^^^^^^^^^^^^^^
  File "<frozen codecs>", line 322, in decode
KeyboardInterrupt
