【发现已存在的游戏窗口】
【正在返回菜单】请保持游戏画面处于前台 [1]
【现在处于主菜单】
【等待目标中】images/battery.png [1]
【等待目标中】images/battery.png [2]
【等待目标中】images/battery.png [3]
【等待目标中】images/battery.png [4]
【等待目标中】images/battery.png [5]
【等待目标中】images/battery.png [6]
【等待目标中】images/battery.png [7]
【等待目标中】images/battery.png [8]
【等待目标中】images/battery.png [9]
【等待目标中】images/battery.png [10]
【等待目标中】images/battery.png [11]
【等待目标中】images/battery.png [12]
【等待目标中】images/battery.png [13]
【等待目标中】images/battery.png [14]
【等待目标中】images/battery.png [15]
-------------------------------------------------
Traceback (most recent call last):
  File "C:\Users\gelon\Desktop\Pytutorial\ZenlessZoneZero_Automation\ZA_Main.py", line 738, in run
    battery=battery_check()    #获取体力信息
  File "C:\Users\gelon\Desktop\Pytutorial\ZenlessZoneZero_Automation\ZA_Main.py", line 246, in battery_check
    x,y=match_tpl("images/battery.png","move")
        ~~~~~~~~~^^^^^^^^^^^^^^^^^^^^^^^^^^^^^
  File "C:\Users\gelon\Desktop\Pytutorial\ZenlessZoneZero_Automation\ZA_Main.py", line 77, in match_tpl
    time.sleep(wait_speed)
    ~~~~~~~~~~^^^^^^^^^^^^
KeyboardInterrupt

Exception:主线程出错
按回车键退出(Enter)Traceback (most recent call last):
  File "C:\Users\gelon\Desktop\Pytutorial\ZenlessZoneZero_Automation\ZA_Main.py", line 738, in run
    battery=battery_check()    #获取体力信息
  File "C:\Users\gelon\Desktop\Pytutorial\ZenlessZoneZero_Automation\ZA_Main.py", line 246, in battery_check
    x,y=match_tpl("images/battery.png","move")
        ~~~~~~~~~^^^^^^^^^^^^^^^^^^^^^^^^^^^^^
  File "C:\Users\gelon\Desktop\Pytutorial\ZenlessZoneZero_Automation\ZA_Main.py", line 77, in match_tpl
    time.sleep(wait_speed)
    ~~~~~~~~~~^^^^^^^^^^^^
KeyboardInterrupt

During handling of the above exception, another exception occurred:

Traceback (most recent call last):
  File "C:\Users\gelon\Desktop\Pytutorial\ZenlessZoneZero_Automation\ZA_Main.py", line 768, in <module>
    run()
    ~~~^^
  File "C:\Users\gelon\Desktop\Pytutorial\ZenlessZoneZero_Automation\ZA_Main.py", line 765, in run
    input('Exception:主线程出错\n按回车键退出(Enter)')
    ~~~~~^^^^^^^^^^^^^^^^^^^^^^^^^^^^^^^^^^^^^^^^^^^^^
  File "<frozen codecs>", line 325, in decode
UnicodeDecodeError: 'utf-8' codec can't decode byte 0xff in position 0: invalid start byte
