[90m2025-06-29 20:48:04[0m [[31m[1mERROR[0m] <[31m[1mÓÐ¿ÉÓÃµÄ¸üÐÂ£¡ <1.0.4>£¬Ç°Íù¸üÐÂÆ÷»ñÈ¡[0m>
¡¾Æô¶¯ÓÎÏ·¡¿ D:/Game Files/ZenlessZoneZero Game/ZenlessZoneZero.exe
-------------------------------------------------
Traceback (most recent call last):
  File "C:\Users\gelon\Desktop\Pytutorial\ZenlessZoneZero_Automation\ZA_Main.py", line 739, in run
    getwin()
    ~~~~~~^^
  File "C:\Users\gelon\Desktop\Pytutorial\ZenlessZoneZero_Automation\ZA_Main.py", line 275, in getwin
    allwin = pygetwindow.getAllTitles()
  File "C:\Python\Lib\site-packages\pygetwindow\_pygetwindow_win.py", line 160, in getAllTitles
    return [window.title for window in getAllWindows()]
            ^^^^^^^^^^^^
  File "C:\Python\Lib\site-packages\pygetwindow\_pygetwindow_win.py", line 295, in title
    textLenInCharacters = ctypes.windll.user32.GetWindowTextLengthW(self._hWnd)
KeyboardInterrupt

Exception:Ö÷Ïß³Ì³ö´í
°´»Ø³µ¼üÍË³ö(Enter)Traceback (most recent call last):
  File "C:\Users\gelon\Desktop\Pytutorial\ZenlessZoneZero_Automation\ZA_Main.py", line 739, in run
    getwin()
    ~~~~~~^^
  File "C:\Users\gelon\Desktop\Pytutorial\ZenlessZoneZero_Automation\ZA_Main.py", line 275, in getwin
    allwin = pygetwindow.getAllTitles()
  File "C:\Python\Lib\site-packages\pygetwindow\_pygetwindow_win.py", line 160, in getAllTitles
    return [window.title for window in getAllWindows()]
            ^^^^^^^^^^^^
  File "C:\Python\Lib\site-packages\pygetwindow\_pygetwindow_win.py", line 295, in title
    textLenInCharacters = ctypes.windll.user32.GetWindowTextLengthW(self._hWnd)
KeyboardInterrupt

During handling of the above exception, another exception occurred:

Traceback (most recent call last):
  File "C:\Users\gelon\Desktop\Pytutorial\ZenlessZoneZero_Automation\ZA_Main.py", line 777, in <module>
    run()
    ~~~^^
  File "C:\Users\gelon\Desktop\Pytutorial\ZenlessZoneZero_Automation\ZA_Main.py", line 774, in run
    input('Exception:Ö÷Ïß³Ì³ö´í\n°´»Ø³µ¼üÍË³ö(Enter)')
    ~~~~~^^^^^^^^^^^^^^^^^^^^^^^^^^^^^^^^^^^^^^^^^^^^^
  File "<frozen codecs>", line 325, in decode
UnicodeDecodeError: 'utf-8' codec can't decode byte 0xff in position 0: invalid start byte
