【发现已存在的游戏窗口】
【正在返回菜单】请保持游戏画面处于前台[1]【正在返回菜单】请保持游戏画面处于前台[2]【正在返回菜单】请保持游戏画面处于前台[3]
【现在处于主菜单】
【等待目标中】images/battery.png[1]
【目标出现】images/battery.png 置信度：1.0
Using CPU. Note: This module is much faster with a GPU.
-------------------------------------------------
Traceback (most recent call last):
  File "C:\Users\gelon\Desktop\Pytutorial\ZenlessZoneZero_Automation\ZA_Main.py", line 738, in run
    battery=battery_check()    #获取体力信息
  File "C:\Users\gelon\Desktop\Pytutorial\ZenlessZoneZero_Automation\ZA_Main.py", line 251, in battery_check
    result=int(result[0])
               ~~~~~~^^^
IndexError: list index out of range

Exception:主线程出错
按回车键退出(Enter)Traceback (most recent call last):
  File "C:\Users\gelon\Desktop\Pytutorial\ZenlessZoneZero_Automation\ZA_Main.py", line 738, in run
    battery=battery_check()    #获取体力信息
  File "C:\Users\gelon\Desktop\Pytutorial\ZenlessZoneZero_Automation\ZA_Main.py", line 251, in battery_check
    result=int(result[0])
               ~~~~~~^^^
IndexError: list index out of range

During handling of the above exception, another exception occurred:

Traceback (most recent call last):
  File "C:\Users\gelon\Desktop\Pytutorial\ZenlessZoneZero_Automation\ZA_Main.py", line 768, in <module>
    run()
    ~~~^^
  File "C:\Users\gelon\Desktop\Pytutorial\ZenlessZoneZero_Automation\ZA_Main.py", line 765, in run
    input('Exception:主线程出错\n按回车键退出(Enter)')
    ~~~~~^^^^^^^^^^^^^^^^^^^^^^^^^^^^^^^^^^^^^^^^^^^^^
  File "<frozen codecs>", line 322, in decode
KeyboardInterrupt
