【发现已存在的游戏窗口】
【现在处于主菜单】
【目标出现】images/battery.png 置信度是：0.9999998211860657
1341 24
Using CPU. Note: This module is much faster with a GPU.
-------------------------------------------------
Traceback (most recent call last):
  File "C:\Users\gelon\Desktop\Pytutorial\ZenlessZoneZero_Automation\ZA_Main.py", line 733, in run
    battery,cycle=battery_cycle(COST)    #获取体力信息并计算循环次数
                  ~~~~~~~~~~~~~^^^^^^
  File "C:\Users\gelon\Desktop\Pytutorial\ZenlessZoneZero_Automation\ZA_Main.py", line 251, in battery_cycle
    result=int(result[0])
ValueError: invalid literal for int() with base 10: '233/24C'

Exception:主线程出错
按回车键退出(Enter)Traceback (most recent call last):
  File "C:\Users\gelon\Desktop\Pytutorial\ZenlessZoneZero_Automation\ZA_Main.py", line 733, in run
    battery,cycle=battery_cycle(COST)    #获取体力信息并计算循环次数
                  ~~~~~~~~~~~~~^^^^^^
  File "C:\Users\gelon\Desktop\Pytutorial\ZenlessZoneZero_Automation\ZA_Main.py", line 251, in battery_cycle
    result=int(result[0])
ValueError: invalid literal for int() with base 10: '233/24C'

During handling of the above exception, another exception occurred:

Traceback (most recent call last):
  File "C:\Users\gelon\Desktop\Pytutorial\ZenlessZoneZero_Automation\ZA_Main.py", line 757, in <module>
    run()
    ~~~^^
  File "C:\Users\gelon\Desktop\Pytutorial\ZenlessZoneZero_Automation\ZA_Main.py", line 754, in run
    input('Exception:主线程出错\n按回车键退出(Enter)')
    ~~~~~^^^^^^^^^^^^^^^^^^^^^^^^^^^^^^^^^^^^^^^^^^^^^
  File "<frozen codecs>", line 322, in decode
KeyboardInterrupt
