你应该看不见这个【启动游戏】 D:/Game Files/ZenlessZoneZero Game/ZenlessZoneZero.exe
正在返回菜单,请保持游戏画面处于前台
正在返回菜单,请保持游戏画面处于前台
正在返回菜单,请保持游戏画面处于前台
正在返回菜单,请保持游戏画面处于前台
正在返回菜单,请保持游戏画面处于前台
正在返回菜单,请保持游戏画面处于前台
正在返回菜单,请保持游戏画面处于前台
正在返回菜单,请保持游戏画面处于前台
正在返回菜单,请保持游戏画面处于前台
正在返回菜单,请保持游戏画面处于前台
正在返回菜单,请保持游戏画面处于前台
正在返回菜单,请保持游戏画面处于前台
正在返回菜单,请保持游戏画面处于前台
正在返回菜单,请保持游戏画面处于前台
正在返回菜单,请保持游戏画面处于前台
正在返回菜单,请保持游戏画面处于前台
正在返回菜单,请保持游戏画面处于前台
正在返回菜单,请保持游戏画面处于前台
正在返回菜单,请保持游戏画面处于前台
正在返回菜单,请保持游戏画面处于前台
正在返回菜单,请保持游戏画面处于前台
正在返回菜单,请保持游戏画面处于前台
正在返回菜单,请保持游戏画面处于前台
正在返回菜单,请保持游戏画面处于前台
正在返回菜单,请保持游戏画面处于前台
正在返回菜单,请保持游戏画面处于前台
正在返回菜单,请保持游戏画面处于前台
正在返回菜单,请保持游戏画面处于前台
正在返回菜单,请保持游戏画面处于前台
正在返回菜单,请保持游戏画面处于前台
正在返回菜单,请保持游戏画面处于前台
正在返回菜单,请保持游戏画面处于前台
正在返回菜单,请保持游戏画面处于前台
正在返回菜单,请保持游戏画面处于前台
正在返回菜单,请保持游戏画面处于前台
正在返回菜单,请保持游戏画面处于前台
正在返回菜单,请保持游戏画面处于前台
正在返回菜单,请保持游戏画面处于前台
正在返回菜单,请保持游戏画面处于前台
正在返回菜单,请保持游戏画面处于前台
正在返回菜单,请保持游戏画面处于前台
正在返回菜单,请保持游戏画面处于前台
正在返回菜单,请保持游戏画面处于前台
正在返回菜单,请保持游戏画面处于前台
正在返回菜单,请保持游戏画面处于前台
正在返回菜单,请保持游戏画面处于前台
正在返回菜单,请保持游戏画面处于前台
正在返回菜单,请保持游戏画面处于前台
正在返回菜单,请保持游戏画面处于前台
正在返回菜单,请保持游戏画面处于前台
正在返回菜单,请保持游戏画面处于前台
正在返回菜单,请保持游戏画面处于前台
正在返回菜单,请保持游戏画面处于前台
正在返回菜单,请保持游戏画面处于前台
正在返回菜单,请保持游戏画面处于前台
正在返回菜单,请保持游戏画面处于前台
正在返回菜单,请保持游戏画面处于前台
正在返回菜单,请保持游戏画面处于前台
正在返回菜单,请保持游戏画面处于前台
正在返回菜单,请保持游戏画面处于前台
正在返回菜单,请保持游戏画面处于前台
正在返回菜单,请保持游戏画面处于前台
正在返回菜单,请保持游戏画面处于前台
正在返回菜单,请保持游戏画面处于前台
正在返回菜单,请保持游戏画面处于前台
正在返回菜单,请保持游戏画面处于前台
正在返回菜单,请保持游戏画面处于前台
正在返回菜单,请保持游戏画面处于前台
正在返回菜单,请保持游戏画面处于前台
正在返回菜单,请保持游戏画面处于前台
正在返回菜单,请保持游戏画面处于前台
正在返回菜单,请保持游戏画面处于前台
正在返回菜单,请保持游戏画面处于前台
正在返回菜单,请保持游戏画面处于前台
正在返回菜单,请保持游戏画面处于前台
正在返回菜单,请保持游戏画面处于前台
正在返回菜单,请保持游戏画面处于前台
正在返回菜单,请保持游戏画面处于前台
正在返回菜单,请保持游戏画面处于前台
正在返回菜单,请保持游戏画面处于前台
正在返回菜单,请保持游戏画面处于前台
正在返回菜单,请保持游戏画面处于前台
正在返回菜单,请保持游戏画面处于前台
正在返回菜单,请保持游戏画面处于前台
正在返回菜单,请保持游戏画面处于前台
正在返回菜单,请保持游戏画面处于前台
正在返回菜单,请保持游戏画面处于前台
【现在处于主菜单】
【目标出现】images/battery.png 置信度是：1.0
Using CPU. Note: This module is much faster with a GPU.
当前电量为：173 
任务开始，执行 1 次循环
【现在处于主菜单】
【目标出现】images/lobby.png 置信度是：0.9999196529388428
【1】等待目标中 images/tactics.png
【2】等待目标中 images/tactics.png
【3】等待目标中 images/tactics.png
【4】等待目标中 images/tactics.png
【5】等待目标中 images/tactics.png
【6】等待目标中 images/tactics.png
【7】等待目标中 images/tactics.png
【8】等待目标中 images/tactics.png
【9】等待目标中 images/tactics.png
【10】等待目标中 images/tactics.png
【11】等待目标中 images/tactics.png
【12】等待目标中 images/tactics.png
【13】等待目标中 images/tactics.png
【14】等待目标中 images/tactics.png
【15】等待目标中 images/tactics.png
【16】等待目标中 images/tactics.png
【17】等待目标中 images/tactics.png
【18】等待目标中 images/tactics.png
【19】等待目标中 images/tactics.png
【20】等待目标中 images/tactics.png
--------等待超时,开始重试--------
正在返回菜单,请保持游戏画面处于前台
-------------------------------------------------
Traceback (most recent call last):
  File "C:\Users\gelon\Desktop\Pytutorial\ZenlessZoneZero_Automation\ZA_Main.py", line 744, in run
    battery=battery_check()    #获取体力信息
  File "C:\Users\gelon\Desktop\Pytutorial\ZenlessZoneZero_Automation\ZA_Main.py", line 246, in battery_check
    menu('stay')
    ~~~~^^^^^^^^
  File "C:\Users\gelon\Desktop\Pytutorial\ZenlessZoneZero_Automation\ZA_Main.py", line 193, in menu
    pydirectinput.press('esc', )
    ~~~~~~~~~~~~~~~~~~~^^^^^^^^^
  File "C:\Python\Lib\site-packages\pydirectinput\__init__.py", line 242, in wrapper
    returnVal = wrappedFunction(*args, **kwargs)
  File "C:\Python\Lib\site-packages\pydirectinput\__init__.py", line 545, in press
    upped = keyUp(k)
  File "C:\Python\Lib\site-packages\pydirectinput\__init__.py", line 243, in wrapper
    _handlePause(funcArgs.get("_pause"))
    ~~~~~~~~~~~~^^^^^^^^^^^^^^^^^^^^^^^^
  File "C:\Python\Lib\site-packages\pydirectinput\__init__.py", line 232, in _handlePause
    time.sleep(PAUSE)
    ~~~~~~~~~~^^^^^^^
KeyboardInterrupt

Exception:主线程出错
按回车键退出(Enter)Traceback (most recent call last):
  File "C:\Users\gelon\Desktop\Pytutorial\ZenlessZoneZero_Automation\ZA_Main.py", line 744, in run
    battery=battery_check()    #获取体力信息
  File "C:\Users\gelon\Desktop\Pytutorial\ZenlessZoneZero_Automation\ZA_Main.py", line 246, in battery_check
    menu('stay')
    ~~~~^^^^^^^^
  File "C:\Users\gelon\Desktop\Pytutorial\ZenlessZoneZero_Automation\ZA_Main.py", line 193, in menu
    pydirectinput.press('esc', )
    ~~~~~~~~~~~~~~~~~~~^^^^^^^^^
  File "C:\Python\Lib\site-packages\pydirectinput\__init__.py", line 242, in wrapper
    returnVal = wrappedFunction(*args, **kwargs)
  File "C:\Python\Lib\site-packages\pydirectinput\__init__.py", line 545, in press
    upped = keyUp(k)
  File "C:\Python\Lib\site-packages\pydirectinput\__init__.py", line 243, in wrapper
    _handlePause(funcArgs.get("_pause"))
    ~~~~~~~~~~~~^^^^^^^^^^^^^^^^^^^^^^^^
  File "C:\Python\Lib\site-packages\pydirectinput\__init__.py", line 232, in _handlePause
    time.sleep(PAUSE)
    ~~~~~~~~~~^^^^^^^
KeyboardInterrupt

During handling of the above exception, another exception occurred:

Traceback (most recent call last):
  File "C:\Users\gelon\Desktop\Pytutorial\ZenlessZoneZero_Automation\ZA_Main.py", line 775, in <module>
    run()
    ~~~^^
  File "C:\Users\gelon\Desktop\Pytutorial\ZenlessZoneZero_Automation\ZA_Main.py", line 772, in run
    input('Exception:主线程出错\n按回车键退出(Enter)')
    ~~~~~^^^^^^^^^^^^^^^^^^^^^^^^^^^^^^^^^^^^^^^^^^^^^
  File "<frozen codecs>", line 325, in decode
UnicodeDecodeError: 'utf-8' codec can't decode byte 0xff in position 0: invalid start byte
